<?xml version="1.0" encoding="UTF-8"?>
<testng-results skipped="0" failed="0" total="3" passed="3">
  <reporter-output>
  </reporter-output>
  <suite name="MySuite" duration-ms="62505" started-at="2019-11-20T10:49:11Z" finished-at="2019-11-20T10:50:13Z">
    <groups>
    </groups>
    <test name="Myntra" duration-ms="26108" started-at="2019-11-20T10:49:11Z" finished-at="2019-11-20T10:49:37Z">
      <class name="Pck1.Myntra">
        <test-method status="PASS" signature="f()[pri:0, instance:Pck1.Myntra@7c16905e]" name="f" duration-ms="26092" started-at="2019-11-20T16:19:11Z" finished-at="2019-11-20T16:19:37Z">
          <reporter-output>
          </reporter-output>
        </test-method> <!-- f -->
      </class> <!-- Pck1.Myntra -->
    </test> <!-- Myntra -->
    <test name="Amazon" duration-ms="8369" started-at="2019-11-20T10:49:37Z" finished-at="2019-11-20T10:49:45Z">
      <class name="pck2.Amazon">
        <test-method status="PASS" signature="f()[pri:0, instance:pck2.Amazon@224edc67]" name="f" duration-ms="8369" started-at="2019-11-20T16:19:37Z" finished-at="2019-11-20T16:19:45Z">
          <reporter-output>
          </reporter-output>
        </test-method> <!-- f -->
      </class> <!-- pck2.Amazon -->
    </test> <!-- Amazon -->
    <test name="fb" duration-ms="27935" started-at="2019-11-20T10:49:45Z" finished-at="2019-11-20T10:50:13Z">
      <class name="Pack3.fb">
        <test-method status="PASS" signature="f()[pri:0, instance:Pack3.fb@5b275dab]" name="f" duration-ms="27935" started-at="2019-11-20T16:19:45Z" finished-at="2019-11-20T16:20:13Z">
          <reporter-output>
          </reporter-output>
        </test-method> <!-- f -->
      </class> <!-- Pack3.fb -->
    </test> <!-- fb -->
  </suite> <!-- MySuite -->
</testng-results>
